Arguments: 
  /usr/local/bin/node /usr/local/bin/yarn add --dev eslint-config-synacor

PATH: 
  /Library/Frameworks/Python.framework/Versions/2.7/bin:/opt/local/bin:/opt/local/sbin:/opt/local/bin:/opt/local/sbin:/usr/local/bin:/usr/bin:/bin:/usr/sbin:/sbin:/opt/X11/bin:/usr/local/git/bin:/Library/Frameworks/Python.framework/Versions/2.7/bin:/opt/local/bin:/opt/local/sbin:/Applications/PROS_2.0/gcc-arm-none-eabi-4_7-2014q2/bin:/Applications/PROS_2.0/gcc-arm-none-eabi-4_7-2014q2/bin:/Applications/PROS_2.0/gcc-arm-none-eabi-4_7-2014q2/bin:/Applications/PROS_2.0/gcc-arm-none-eabi-4_7-2014q2/bin:/Applications/PROS_2.0/gcc-arm-none-eabi-4_7-2014q2/bin:/Applications/PROS_2.0/gcc-arm-none-eabi-4_7-2014q2/bin:/Applications/PROS_2.0/gcc-arm-none-eabi-4_7-2014q2/bin:/Applications/PROS_2.0/gcc-arm-none-eabi-4_7-2014q2/bin:/Applications/PROS_2.0/gcc-arm-none-eabi-4_7-2014q2/bin:/Applications/PROS_2.0/gcc-arm-none-eabi-4_7-2014q2/bin

Yarn version: 
  0.24.5

Node version: 
  8.1.0

Platform: 
  darwin x64

npm manifest: 
  {
    "name": "vex-skills",
    "version": "0.0.1",
    "description": "",
    "main": "index.js",
    "scripts": {
      "start": "if-env NODE_ENV=production && npm run -s serve || npm run -s dev",
      "build": "preact build",
      "serve": "preact build && preact serve --port 8000",
      "dev": "preact watch",
      "test": "eslint src && preact test"
    },
    "keywords": [],
    "author": "Brendan McGuire",
    "license": "ISC",
    "eslintConfig": {
      "extends": "eslint-config-synacor"
    },
    "devDependencies": {
      "eslint": "^4.6.1",
      "if-env": "^1.0.0",
      "preact-cli": "^1.4.1"
    },
    "dependencies": {
      "preact": "^8.2.5",
      "preact-compat": "^3.17.0",
      "preact-router": "^2.5.7"
    }
  }

yarn manifest: 
  No manifest

Lockfile: 
  No lockfile

Trace: 
  Error: ENOENT: no such file or directory, lstat '/Users/tim/Documents/Robotics/skills/node_modules/url-loader/node_modules/mime'
